2021-11-15 20:16:00,400 [ 1] INFO  Unity: LoadingManager start
2021-11-15 20:16:03,733 [ 1] INFO  Unity: DataManager > DataManager()
2021-11-15 20:16:06,849 [ 1] INFO  Unity: UserLoginRequest::user :23 psw:23
2021-11-15 20:16:06,852 [ 1] INFO  Unity: ConnectToServer() Start 
2021-11-15 20:16:06,853 [ 1] INFO  Unity: DoConnect
2021-11-15 20:16:06,856 [ 1] INFO  Unity: NetClient.DoConnect on 127.0.0.1:8000
2021-11-15 20:16:06,861 [ 1] INFO  Unity: Connect[0] to server 127.0.0.1:8000

2021-11-15 20:16:06,865 [ 1] INFO  Unity: LoadingMesager::OnGameServerConnect :0 reason:Success
2021-11-15 20:16:07,021 [ 1] INFO  Unity: OnLogin:Success [None]
2021-11-15 20:16:07,023 [ 1] INFO  Unity: LoadLevel: CharSelect
2021-11-15 20:16:07,212 [ 1] INFO  Unity: LevelLoadCompleted:1
2021-11-15 20:16:08,245 [ 1] INFO  Unity: Select Char:[13]xl[Wizard]
2021-11-15 20:16:09,141 [ 1] INFO  Unity: UserGameEnterRequest::characterId:1
2021-11-15 20:16:09,179 [ 1] ERROR Unity: Message handler exception:, Input string was not in a correct format., mscorlib,   at System.String.ParseFormatSpecifier (System.String str, System.Int32& ptr, System.Int32& n, System.Int32& width, System.Boolean& left_align, System.String& format) [0x00011] in /Users/builduser/buildslave/mono/build/mcs/class/corlib/System/String.cs:2495 
  at System.String.FormatHelper (System.Text.StringBuilder result, IFormatProvider provider, System.String format, System.Object[] args) [0x000ce] in /Users/builduser/buildslave/mono/build/mcs/class/corlib/System/String.cs:1923 
  at System.String.Format (IFormatProvider provider, System.String format, System.Object[] args) [0x00000] in /Users/builduser/buildslave/mono/build/mcs/class/corlib/System/String.cs:1873 
  at System.String.Format (System.String format, System.Object[] args) [0x00000] in /Users/builduser/buildslave/mono/build/mcs/class/corlib/System/String.cs:1868 
  at UnityEngine.DebugLogHandler.LogFormat (LogType logType, UnityEngine.Object context, System.String format, System.Object[] args) [0x00005] in D:\unity\Runtime\Export\Logger\DebugLogHandler.cs:9 
  at UnityEngine.Logger.LogFormat (LogType logType, System.String format, System.Object[] args) [0x00017] in D:\unity\Runtime\Export\Logger\Logger.cs:113 
  at UnityEngine.Debug.LogFormat (System.String format, System.Object[] args) [0x00009] in D:\unity\Runtime\Export\Debug.bindings.cs:108 
  at Services.UserService.OnGameEnter (System.Object sender, SkillBridge.Message.UserGameEnterResponse response) [0x00023] in E:\º∞ ¿ΩÁ\unity_MMORPG\Src\Client\Assets\Scripts\Services\UserService.cs:233 
  at Network.MessageDistributer`1[System.Object].RaiseEvent[UserGameEnterResponse] (System.Object sender, SkillBridge.Message.UserGameEnterResponse msg) [0x00000] in <filename unknown>:0 
2021-11-15 20:16:09,181 [ 1] FATAL Unity: <log4net.Error>Exception during StringFormat: Input string was not in a correct format. <format>{0
{1}</format><args>{FormatException: Input string was not in a correct format., System.String.ParseFormatSpecifier (System.String str, System.Int32& ptr, System.Int32& n, System.Int32& width, System.Boolean& left_align, System.String& format) (at /Users/builduser/buildslave/mono/build/mcs/class/corlib/System/String.cs:2495)
System.String.FormatHelper (System.Text.StringBuilder result, IFormatProvider provider, System.String format, System.Object[] args) (at /Users/builduser/buildslave/mono/build/mcs/class/corlib/System/String.cs:1923)
System.String.Format (IFormatProvider provider, System.String format, System.Object[] args) (at /Users/builduser/buildslave/mono/build/mcs/class/corlib/System/String.cs:1873)
System.String.Format (System.String format, System.Object[] args) (at /Users/builduser/buildslave/mono/build/mcs/class/corlib/System/String.cs:1868)
UnityEngine.DebugLogHandler.LogFormat (LogType logType, UnityEngine.Object context, System.String format, System.Object[] args) (at D:/unity/Runtime/Export/Logger/DebugLogHandler.cs:9)
UnityEngine.Logger.LogFormat (LogType logType, System.String format, System.Object[] args) (at D:/unity/Runtime/Export/Logger/Logger.cs:113)
UnityEngine.Debug.LogFormat (System.String format, System.Object[] args) (at D:/unity/Runtime/Export/Debug.bindings.cs:108)
Services.UserService.OnGameEnter (System.Object sender, SkillBridge.Message.UserGameEnterResponse response) (at Assets/Scripts/Services/UserService.cs:233)
Network.MessageDistributer`1[System.Object].RaiseEvent[UserGameEnterResponse] (System.Object sender, SkillBridge.Message.UserGameEnterResponse msg)
}</args></log4net.Error>
2021-11-15 20:16:09,196 [ 1] INFO  Unity: OnMapCharacterEnter:Map:1 Count:2
2021-11-15 20:16:09,199 [ 1] INFO  Unity: AddCharacter:13:xl Map:1 Entity:(0:pos:(5000,4000,820),dir:(100,0,0),spd:0
2021-11-15 20:16:09,200 [ 1] INFO  Unity: AddCharacter:14:lx Map:1 Entity:(0:pos:(5000,4000,820),dir:(100,0,0),spd:0
2021-11-15 20:16:09,202 [ 1] INFO  Unity: LoadLevel: MainCity
2021-11-15 20:16:09,766 [ 1] INFO  Unity: LevelLoadCompleted:1
2021-11-15 20:16:09,776 [ 1] INFO  Unity: 0
2021-11-15 20:16:09,778 [ 1] INFO  Unity: SetPosition:(2817, 3089, 812)
2021-11-15 20:16:09,824 [ 1] INFO  Unity: 0
2021-11-15 20:16:09,826 [ 1] INFO  Unity: SetPosition:(5000, 4000, 819)
2021-11-15 20:16:09,846 [ 1] INFO  Unity: 0
2021-11-15 20:16:09,847 [ 1] INFO  Unity: 0
2021-11-15 20:16:09,865 [ 1] INFO  Unity: 0
2021-11-15 20:16:09,866 [ 1] INFO  Unity: 0
2021-11-15 20:16:09,882 [ 1] INFO  Unity: 0
2021-11-15 20:16:09,882 [ 1] INFO  Unity: 0
2021-11-15 20:16:09,899 [ 1] INFO  Unity: 0
2021-11-15 20:16:09,900 [ 1] INFO  Unity: 0
2021-11-15 20:16:09,915 [ 1] INFO  Unity: 0
2021-11-15 20:16:09,915 [ 1] INFO  Unity: 0
2021-11-15 20:16:09,932 [ 1] INFO  Unity: 0
2021-11-15 20:16:09,932 [ 1] INFO  Unity: 0
2021-11-15 20:16:09,948 [ 1] INFO  Unity: 0
2021-11-15 20:16:09,948 [ 1] INFO  Unity: 0
2021-11-15 20:16:09,964 [ 1] INFO  Unity: 0
2021-11-15 20:16:09,965 [ 1] INFO  Unity: 0
2021-11-15 20:16:09,981 [ 1] INFO  Unity: 0
2021-11-15 20:16:09,981 [ 1] INFO  Unity: 0
2021-11-15 20:16:09,998 [ 1] INFO  Unity: 0
2021-11-15 20:16:09,999 [ 1] INFO  Unity: 0
2021-11-15 20:16:10,014 [ 1] INFO  Unity: 0
2021-11-15 20:16:10,015 [ 1] INFO  Unity: 0
2021-11-15 20:16:10,032 [ 1] INFO  Unity: 0
2021-11-15 20:16:10,032 [ 1] INFO  Unity: 0
2021-11-15 20:16:10,047 [ 1] INFO  Unity: 0
2021-11-15 20:16:10,048 [ 1] INFO  Unity: 0
2021-11-15 20:16:10,065 [ 1] INFO  Unity: 0
2021-11-15 20:16:10,065 [ 1] INFO  Unity: 0
2021-11-15 20:16:10,082 [ 1] INFO  Unity: 0
2021-11-15 20:16:10,082 [ 1] INFO  Unity: 0
2021-11-15 20:16:10,097 [ 1] INFO  Unity: 0
2021-11-15 20:16:10,098 [ 1] INFO  Unity: 0
2021-11-15 20:16:10,114 [ 1] INFO  Unity: 0
2021-11-15 20:16:10,114 [ 1] INFO  Unity: 0
2021-11-15 20:16:10,130 [ 1] INFO  Unity: 0
2021-11-15 20:16:10,131 [ 1] INFO  Unity: 0
2021-11-15 20:16:10,148 [ 1] INFO  Unity: 0
2021-11-15 20:16:10,149 [ 1] INFO  Unity: 0
2021-11-15 20:16:10,163 [ 1] INFO  Unity: 0
2021-11-15 20:16:10,164 [ 1] INFO  Unity: 0
2021-11-15 20:16:10,180 [ 1] INFO  Unity: 0
2021-11-15 20:16:10,180 [ 1] INFO  Unity: 0
2021-11-15 20:16:10,197 [ 1] INFO  Unity: 0
2021-11-15 20:16:10,197 [ 1] INFO  Unity: 0
2021-11-15 20:16:10,213 [ 1] INFO  Unity: 0
2021-11-15 20:16:10,214 [ 1] INFO  Unity: 0
2021-11-15 20:16:10,231 [ 1] INFO  Unity: 0
2021-11-15 20:16:10,232 [ 1] INFO  Unity: 0
2021-11-15 20:16:10,246 [ 1] INFO  Unity: 0
2021-11-15 20:16:10,247 [ 1] INFO  Unity: 0
2021-11-15 20:16:10,263 [ 1] INFO  Unity: 0
2021-11-15 20:16:10,263 [ 1] INFO  Unity: 0
2021-11-15 20:16:10,279 [ 1] INFO  Unity: 0
2021-11-15 20:16:10,280 [ 1] INFO  Unity: 0
2021-11-15 20:16:10,295 [ 1] INFO  Unity: 0
2021-11-15 20:16:10,296 [ 1] INFO  Unity: 0
2021-11-15 20:16:10,313 [ 1] INFO  Unity: 0
2021-11-15 20:16:10,314 [ 1] INFO  Unity: 0
2021-11-15 20:16:10,329 [ 1] INFO  Unity: 0
2021-11-15 20:16:10,330 [ 1] INFO  Unity: 0
2021-11-15 20:16:10,345 [ 1] INFO  Unity: 0
2021-11-15 20:16:10,346 [ 1] INFO  Unity: 0
2021-11-15 20:16:10,362 [ 1] INFO  Unity: 0
2021-11-15 20:16:10,362 [ 1] INFO  Unity: 0
2021-11-15 20:16:10,378 [ 1] INFO  Unity: 0
2021-11-15 20:16:10,379 [ 1] INFO  Unity: 0
2021-11-15 20:16:10,395 [ 1] INFO  Unity: 0
2021-11-15 20:16:10,396 [ 1] INFO  Unity: 0
2021-11-15 20:16:10,412 [ 1] INFO  Unity: 0
2021-11-15 20:16:10,412 [ 1] INFO  Unity: 0
2021-11-15 20:16:10,428 [ 1] INFO  Unity: 0
2021-11-15 20:16:10,429 [ 1] INFO  Unity: 0
2021-11-15 20:16:10,445 [ 1] INFO  Unity: 0
2021-11-15 20:16:10,445 [ 1] INFO  Unity: 0
2021-11-15 20:16:10,461 [ 1] INFO  Unity: 0
2021-11-15 20:16:10,462 [ 1] INFO  Unity: 0
2021-11-15 20:16:10,478 [ 1] INFO  Unity: 0
2021-11-15 20:16:10,478 [ 1] INFO  Unity: 0
2021-11-15 20:16:10,495 [ 1] INFO  Unity: 0
2021-11-15 20:16:10,495 [ 1] INFO  Unity: 0
2021-11-15 20:16:10,512 [ 1] INFO  Unity: 0
2021-11-15 20:16:10,513 [ 1] INFO  Unity: 0
2021-11-15 20:16:10,528 [ 1] INFO  Unity: 0
2021-11-15 20:16:10,528 [ 1] INFO  Unity: 0
2021-11-15 20:16:10,545 [ 1] INFO  Unity: 0
2021-11-15 20:16:10,545 [ 1] INFO  Unity: 0
2021-11-15 20:16:10,563 [ 1] INFO  Unity: 0
2021-11-15 20:16:10,564 [ 1] INFO  Unity: 0
2021-11-15 20:16:10,580 [ 1] INFO  Unity: SetDirection:(100, 0, 0)
2021-11-15 20:16:10,582 [ 1] INFO  Unity: 0
2021-11-15 20:16:10,582 [ 1] INFO  Unity: 0
2021-11-15 20:16:10,596 [ 1] INFO  Unity: 0
2021-11-15 20:16:10,597 [ 1] INFO  Unity: 0
2021-11-15 20:16:10,613 [ 1] INFO  Unity: 0
2021-11-15 20:16:10,613 [ 1] INFO  Unity: 0
2021-11-15 20:16:10,630 [ 1] INFO  Unity: 0
2021-11-15 20:16:10,631 [ 1] INFO  Unity: 0
2021-11-15 20:16:10,645 [ 1] INFO  Unity: 0
2021-11-15 20:16:10,645 [ 1] INFO  Unity: 0
2021-11-15 20:16:10,662 [ 1] INFO  Unity: 0
2021-11-15 20:16:10,663 [ 1] INFO  Unity: 0
2021-11-15 20:16:10,679 [ 1] INFO  Unity: 0
2021-11-15 20:16:10,679 [ 1] INFO  Unity: 0
2021-11-15 20:16:10,695 [ 1] INFO  Unity: 0
2021-11-15 20:16:10,695 [ 1] INFO  Unity: 0
2021-11-15 20:16:10,711 [ 1] INFO  Unity: 0
2021-11-15 20:16:10,712 [ 1] INFO  Unity: 0
2021-11-15 20:16:10,727 [ 1] INFO  Unity: SetDirection:(98, 21, 0)
2021-11-15 20:16:10,729 [ 1] INFO  Unity: 0
2021-11-15 20:16:10,729 [ 1] INFO  Unity: 0
2021-11-15 20:16:10,745 [ 1] INFO  Unity: 0
2021-11-15 20:16:10,745 [ 1] INFO  Unity: 0
2021-11-15 20:16:10,761 [ 1] INFO  Unity: 0
2021-11-15 20:16:10,762 [ 1] INFO  Unity: 0
2021-11-15 20:16:10,777 [ 1] INFO  Unity: SetDirection:(98, 18, 0)
2021-11-15 20:16:10,779 [ 1] INFO  Unity: 0
2021-11-15 20:16:10,780 [ 1] INFO  Unity: 0
2021-11-15 20:16:10,795 [ 1] INFO  Unity: SetDirection:(92, 38, 0)
2021-11-15 20:16:10,796 [ 1] INFO  Unity: 0
2021-11-15 20:16:10,797 [ 1] INFO  Unity: 0
2021-11-15 20:16:10,811 [ 1] INFO  Unity: 0
2021-11-15 20:16:10,812 [ 1] INFO  Unity: 0
2021-11-15 20:16:10,828 [ 1] INFO  Unity: 0
2021-11-15 20:16:10,829 [ 1] INFO  Unity: 0
2021-11-15 20:16:10,845 [ 1] INFO  Unity: 0
2021-11-15 20:16:10,845 [ 1] INFO  Unity: 0
2021-11-15 20:16:10,860 [ 1] INFO  Unity: SetDirection:(81, 59, 0)
2021-11-15 20:16:10,862 [ 1] INFO  Unity: 0
2021-11-15 20:16:10,862 [ 1] INFO  Unity: 0
2021-11-15 20:16:10,877 [ 1] INFO  Unity: SetDirection:(93, 36, 0)
2021-11-15 20:16:10,879 [ 1] INFO  Unity: 0
2021-11-15 20:16:10,879 [ 1] INFO  Unity: 0
2021-11-15 20:16:10,894 [ 1] INFO  Unity: 0
2021-11-15 20:16:10,895 [ 1] INFO  Unity: 0
2021-11-15 20:16:10,910 [ 1] INFO  Unity: SetDirection:(67, 74, 0)
2021-11-15 20:16:10,912 [ 1] INFO  Unity: 0
2021-11-15 20:16:10,912 [ 1] INFO  Unity: 0
2021-11-15 20:16:10,927 [ 1] INFO  Unity: 0
2021-11-15 20:16:10,928 [ 1] INFO  Unity: 0
2021-11-15 20:16:10,944 [ 1] INFO  Unity: 0
2021-11-15 20:16:10,944 [ 1] INFO  Unity: 0
2021-11-15 20:16:10,960 [ 1] INFO  Unity: SetDirection:(50, 87, 0)
2021-11-15 20:16:10,962 [ 1] INFO  Unity: 0
2021-11-15 20:16:10,962 [ 1] INFO  Unity: 0
2021-11-15 20:16:10,976 [ 1] INFO  Unity: SetDirection:(84, 54, 0)
2021-11-15 20:16:10,978 [ 1] INFO  Unity: 0
2021-11-15 20:16:10,978 [ 1] INFO  Unity: 0
2021-11-15 20:16:10,994 [ 1] INFO  Unity: 0
2021-11-15 20:16:10,994 [ 1] INFO  Unity: 0
2021-11-15 20:16:11,010 [ 1] INFO  Unity: SetDirection:(31, 95, 0)
2021-11-15 20:16:11,011 [ 1] INFO  Unity: 0
2021-11-15 20:16:11,012 [ 1] INFO  Unity: 0
2021-11-15 20:16:11,027 [ 1] INFO  Unity: 0
2021-11-15 20:16:11,028 [ 1] INFO  Unity: 0
2021-11-15 20:16:11,043 [ 1] INFO  Unity: 0
2021-11-15 20:16:11,044 [ 1] INFO  Unity: 0
2021-11-15 20:16:11,059 [ 1] INFO  Unity: SetDirection:(11, 99, 0)
2021-11-15 20:16:11,059 [ 1] INFO  Unity: SetDirection:(73, 68, 0)
2021-11-15 20:16:11,061 [ 1] INFO  Unity: 0
2021-11-15 20:16:11,061 [ 1] INFO  Unity: 0
2021-11-15 20:16:11,076 [ 1] INFO  Unity: 0
2021-11-15 20:16:11,077 [ 1] INFO  Unity: 0
2021-11-15 20:16:11,093 [ 1] INFO  Unity: 0
2021-11-15 20:16:11,093 [ 1] INFO  Unity: 0
2021-11-15 20:16:11,109 [ 1] INFO  Unity: MoveForward
2021-11-15 20:16:11,110 [ 1] INFO  Unity: SetDirection:(-8, 100, 0)
2021-11-15 20:16:11,111 [ 1] INFO  Unity: MoveForward
2021-11-15 20:16:11,112 [ 1] INFO  Unity: 0
2021-11-15 20:16:11,113 [ 1] INFO  Unity: 0
2021-11-15 20:16:11,126 [ 1] INFO  Unity: 0
2021-11-15 20:16:11,127 [ 1] INFO  Unity: 0
2021-11-15 20:16:11,143 [ 1] INFO  Unity: 0
2021-11-15 20:16:11,144 [ 1] INFO  Unity: 0
2021-11-15 20:16:11,160 [ 1] INFO  Unity: 0
2021-11-15 20:16:11,161 [ 1] INFO  Unity: 0
2021-11-15 20:16:11,176 [ 1] INFO  Unity: SetDirection:(-27, 96, 0)
2021-11-15 20:16:11,177 [ 1] INFO  Unity: SetDirection:(60, 80, 0)
2021-11-15 20:16:11,178 [ 1] INFO  Unity: 0
2021-11-15 20:16:11,179 [ 1] INFO  Unity: 0
2021-11-15 20:16:11,193 [ 1] INFO  Unity: 0
2021-11-15 20:16:11,194 [ 1] INFO  Unity: 0
2021-11-15 20:16:11,195 [ 1] INFO  Unity: SetPosition:(5014, 4048, 799)
2021-11-15 20:16:11,210 [ 1] INFO  Unity: 0
2021-11-15 20:16:11,211 [ 1] INFO  Unity: 0
2021-11-15 20:16:11,226 [ 1] INFO  Unity: 0
2021-11-15 20:16:11,227 [ 1] INFO  Unity: 0
2021-11-15 20:16:11,243 [ 1] INFO  Unity: 0
2021-11-15 20:16:11,244 [ 1] INFO  Unity: 0
2021-11-15 20:16:11,260 [ 1] INFO  Unity: 0
2021-11-15 20:16:11,260 [ 1] INFO  Unity: 0
2021-11-15 20:16:11,276 [ 1] INFO  Unity: SetDirection:(-44, 90, 0)
2021-11-15 20:16:11,277 [ 1] INFO  Unity: 0
2021-11-15 20:16:11,278 [ 1] INFO  Unity: 0
2021-11-15 20:16:11,294 [ 1] INFO  Unity: 0
2021-11-15 20:16:11,295 [ 1] INFO  Unity: 0
2021-11-15 20:16:11,296 [ 1] INFO  Unity: SetPosition:(5019, 4100, 799)
2021-11-15 20:16:11,309 [ 1] INFO  Unity: 0
2021-11-15 20:16:11,310 [ 1] INFO  Unity: 0
2021-11-15 20:16:11,326 [ 1] INFO  Unity: 0
2021-11-15 20:16:11,327 [ 1] INFO  Unity: 0
2021-11-15 20:16:11,343 [ 1] INFO  Unity: 0
2021-11-15 20:16:11,344 [ 1] INFO  Unity: 0
2021-11-15 20:16:11,360 [ 1] INFO  Unity: 0
2021-11-15 20:16:11,360 [ 1] INFO  Unity: 0
2021-11-15 20:16:11,376 [ 1] INFO  Unity: 0
2021-11-15 20:16:11,377 [ 1] INFO  Unity: 0
2021-11-15 20:16:11,393 [ 1] INFO  Unity: 0
2021-11-15 20:16:11,394 [ 1] INFO  Unity: 0
2021-11-15 20:16:11,395 [ 1] INFO  Unity: SetPosition:(5022, 4152, 799)
2021-11-15 20:16:11,409 [ 1] INFO  Unity: 0
2021-11-15 20:16:11,411 [ 1] INFO  Unity: 0
2021-11-15 20:16:11,426 [ 1] INFO  Unity: 0
2021-11-15 20:16:11,426 [ 1] INFO  Unity: 0
2021-11-15 20:16:11,442 [ 1] INFO  Unity: 0
2021-11-15 20:16:11,443 [ 1] INFO  Unity: 0
2021-11-15 20:16:11,460 [ 1] INFO  Unity: 0
2021-11-15 20:16:11,461 [ 1] INFO  Unity: 0
2021-11-15 20:16:11,477 [ 1] INFO  Unity: 0
2021-11-15 20:16:11,478 [ 1] INFO  Unity: 0
2021-11-15 20:16:11,492 [ 1] INFO  Unity: 0
2021-11-15 20:16:11,493 [ 1] INFO  Unity: 0
2021-11-15 20:16:11,494 [ 1] INFO  Unity: SetPosition:(5026, 4204, 799)
2021-11-15 20:16:11,509 [ 1] INFO  Unity: 0
2021-11-15 20:16:11,509 [ 1] INFO  Unity: 0
2021-11-15 20:16:11,525 [ 1] INFO  Unity: 0
2021-11-15 20:16:11,526 [ 1] INFO  Unity: 0
2021-11-15 20:16:11,542 [ 1] INFO  Unity: 0
2021-11-15 20:16:11,542 [ 1] INFO  Unity: 0
2021-11-15 20:16:11,559 [ 1] INFO  Unity: 0
2021-11-15 20:16:11,560 [ 1] INFO  Unity: 0
2021-11-15 20:16:11,576 [ 1] INFO  Unity: 0
2021-11-15 20:16:11,577 [ 1] INFO  Unity: 0
2021-11-15 20:16:11,594 [ 1] INFO  Unity: 0
2021-11-15 20:16:11,594 [ 1] INFO  Unity: 0
2021-11-15 20:16:11,596 [ 1] INFO  Unity: SetPosition:(5031, 4256, 799)
2021-11-15 20:16:11,615 [ 1] INFO  Unity: 0
2021-11-15 20:16:11,616 [ 1] INFO  Unity: 0
2021-11-15 20:16:11,633 [ 1] INFO  Unity: 0
2021-11-15 20:16:11,633 [ 1] INFO  Unity: 0
2021-11-15 20:16:11,648 [ 1] INFO  Unity: 0
2021-11-15 20:16:11,649 [ 1] INFO  Unity: 0
2021-11-15 20:16:11,666 [ 1] INFO  Unity: 0
2021-11-15 20:16:11,666 [ 1] INFO  Unity: 0
2021-11-15 20:16:11,682 [ 1] INFO  Unity: 0
2021-11-15 20:16:11,684 [ 1] INFO  Unity: 0
2021-11-15 20:16:11,698 [ 1] INFO  Unity: 0
2021-11-15 20:16:11,699 [ 1] INFO  Unity: 0
2021-11-15 20:16:11,700 [ 1] INFO  Unity: SetPosition:(5035, 4308, 799)
2021-11-15 20:16:11,715 [ 1] INFO  Unity: 0
2021-11-15 20:16:11,716 [ 1] INFO  Unity: 0
2021-11-15 20:16:11,732 [ 1] INFO  Unity: 0
2021-11-15 20:16:11,733 [ 1] INFO  Unity: 0
2021-11-15 20:16:11,749 [ 1] INFO  Unity: 0
2021-11-15 20:16:11,749 [ 1] INFO  Unity: 0
2021-11-15 20:16:11,766 [ 1] INFO  Unity: 0
2021-11-15 20:16:11,767 [ 1] INFO  Unity: 0
2021-11-15 20:16:11,785 [ 1] INFO  Unity: 0
2021-11-15 20:16:11,785 [ 1] INFO  Unity: 0
2021-11-15 20:16:11,801 [ 1] INFO  Unity: 0
2021-11-15 20:16:11,802 [ 1] INFO  Unity: 0
2021-11-15 20:16:11,803 [ 1] INFO  Unity: SetPosition:(5048, 4364, 799)
2021-11-15 20:16:11,819 [ 1] INFO  Unity: 0
2021-11-15 20:16:11,819 [ 1] INFO  Unity: 0
2021-11-15 20:16:11,835 [ 1] INFO  Unity: 0
2021-11-15 20:16:11,835 [ 1] INFO  Unity: 0
2021-11-15 20:16:11,852 [ 1] INFO  Unity: 0
2021-11-15 20:16:11,852 [ 1] INFO  Unity: 0
2021-11-15 20:16:11,868 [ 1] INFO  Unity: SetDirection:(-27, 96, 0)
2021-11-15 20:16:11,869 [ 1] INFO  Unity: 0
2021-11-15 20:16:11,870 [ 1] INFO  Unity: 0
2021-11-15 20:16:11,885 [ 1] INFO  Unity: 0
2021-11-15 20:16:11,885 [ 1] INFO  Unity: 0
2021-11-15 20:16:11,886 [ 1] INFO  Unity: SetPosition:(5072, 4414, 799)
2021-11-15 20:16:11,902 [ 1] INFO  Unity: 0
2021-11-15 20:16:11,902 [ 1] INFO  Unity: 0
2021-11-15 20:16:11,919 [ 1] INFO  Unity: 0
2021-11-15 20:16:11,920 [ 1] INFO  Unity: 0
2021-11-15 20:16:11,934 [ 1] INFO  Unity: SetDirection:(-7, 100, 0)
2021-11-15 20:16:11,935 [ 1] INFO  Unity: 0
2021-11-15 20:16:11,936 [ 1] INFO  Unity: 0
2021-11-15 20:16:11,952 [ 1] INFO  Unity: 0
2021-11-15 20:16:11,952 [ 1] INFO  Unity: 0
2021-11-15 20:16:11,953 [ 1] INFO  Unity: SetPosition:(5104, 4456, 799)
2021-11-15 20:16:11,967 [ 1] INFO  Unity: SetDirection:(74, 68, 0)
2021-11-15 20:16:11,968 [ 1] INFO  Unity: 0
2021-11-15 20:16:11,969 [ 1] INFO  Unity: 0
2021-11-15 20:16:11,984 [ 1] INFO  Unity: SetDirection:(11, 99, 0)
2021-11-15 20:16:11,986 [ 1] INFO  Unity: 0
2021-11-15 20:16:11,986 [ 1] INFO  Unity: 0
2021-11-15 20:16:12,003 [ 1] INFO  Unity: 0
2021-11-15 20:16:12,003 [ 1] INFO  Unity: 0
2021-11-15 20:16:12,020 [ 1] INFO  Unity: 0
2021-11-15 20:16:12,021 [ 1] INFO  Unity: 0
2021-11-15 20:16:12,022 [ 1] INFO  Unity: SetPosition:(5153, 4496, 799)
2021-11-15 20:16:12,038 [ 1] INFO  Unity: SetDirection:(32, 95, 0)
2021-11-15 20:16:12,039 [ 1] INFO  Unity: 0
2021-11-15 20:16:12,040 [ 1] INFO  Unity: 0
2021-11-15 20:16:12,054 [ 1] INFO  Unity: 0
2021-11-15 20:16:12,055 [ 1] INFO  Unity: 0
2021-11-15 20:16:12,070 [ 1] INFO  Unity: SetDirection:(86, 51, 0)
2021-11-15 20:16:12,071 [ 1] INFO  Unity: 0
2021-11-15 20:16:12,072 [ 1] INFO  Unity: 0
2021-11-15 20:16:12,073 [ 1] INFO  Unity: SetPosition:(5198, 4520, 799)
2021-11-15 20:16:12,087 [ 1] INFO  Unity: SetDirection:(51, 86, 0)
2021-11-15 20:16:12,088 [ 1] INFO  Unity: 0
2021-11-15 20:16:12,089 [ 1] INFO  Unity: 0
2021-11-15 20:16:12,104 [ 1] INFO  Unity: Stop
2021-11-15 20:16:12,105 [ 1] INFO  Unity: Stop
2021-11-15 20:16:12,107 [ 1] INFO  Unity: 0
2021-11-15 20:16:12,108 [ 1] INFO  Unity: 0
2021-11-15 20:16:12,121 [ 1] INFO  Unity: 0
2021-11-15 20:16:12,122 [ 1] INFO  Unity: 0
2021-11-15 20:16:12,138 [ 1] INFO  Unity: SetDirection:(68, 74, 0)
2021-11-15 20:16:12,140 [ 1] INFO  Unity: 0
2021-11-15 20:16:12,141 [ 1] INFO  Unity: 0
2021-11-15 20:16:12,142 [ 1] INFO  Unity: SetPosition:(5250, 4525, 799)
2021-11-15 20:16:12,155 [ 1] INFO  Unity: 0
2021-11-15 20:16:12,156 [ 1] INFO  Unity: 0
2021-11-15 20:16:12,171 [ 1] INFO  Unity: SetDirection:(95, 32, 0)
2021-11-15 20:16:12,172 [ 1] INFO  Unity: 0
2021-11-15 20:16:12,173 [ 1] INFO  Unity: 0
2021-11-15 20:16:12,188 [ 1] INFO  Unity: SetDirection:(81, 58, 0)
2021-11-15 20:16:12,190 [ 1] INFO  Unity: 0
2021-11-15 20:16:12,190 [ 1] INFO  Unity: 0
2021-11-15 20:16:12,205 [ 1] INFO  Unity: 0
2021-11-15 20:16:12,205 [ 1] INFO  Unity: 0
2021-11-15 20:16:12,221 [ 1] INFO  Unity: 0
2021-11-15 20:16:12,222 [ 1] INFO  Unity: 0
2021-11-15 20:16:12,224 [ 1] INFO  Unity: SetPosition:(5301, 4510, 799)
2021-11-15 20:16:12,237 [ 1] INFO  Unity: SetDirection:(92, 40, 0)
2021-11-15 20:16:12,239 [ 1] INFO  Unity: 0
2021-11-15 20:16:12,240 [ 1] INFO  Unity: 0
2021-11-15 20:16:12,255 [ 1] INFO  Unity: 0
2021-11-15 20:16:12,256 [ 1] INFO  Unity: 0
2021-11-15 20:16:12,270 [ 1] INFO  Unity: SetDirection:(99, 12, 0)
2021-11-15 20:16:12,272 [ 1] INFO  Unity: 0
2021-11-15 20:16:12,273 [ 1] INFO  Unity: 0
2021-11-15 20:16:12,287 [ 1] INFO  Unity: SetDirection:(98, 20, 0)
2021-11-15 20:16:12,288 [ 1] INFO  Unity: 0
2021-11-15 20:16:12,289 [ 1] INFO  Unity: 0
2021-11-15 20:16:12,304 [ 1] INFO  Unity: 0
2021-11-15 20:16:12,305 [ 1] INFO  Unity: 0
2021-11-15 20:16:12,306 [ 1] INFO  Unity: SetPosition:(5348, 4486, 799)
2021-11-15 20:16:12,321 [ 1] INFO  Unity: 0
2021-11-15 20:16:12,322 [ 1] INFO  Unity: 0
2021-11-15 20:16:12,337 [ 1] INFO  Unity: SetDirection:(100, -1, 0)
2021-11-15 20:16:12,338 [ 1] INFO  Unity: 0
2021-11-15 20:16:12,339 [ 1] INFO  Unity: 0
2021-11-15 20:16:12,353 [ 1] INFO  Unity: SetDirection:(100, -6, 0)
2021-11-15 20:16:12,355 [ 1] INFO  Unity: 0
2021-11-15 20:16:12,356 [ 1] INFO  Unity: 0
2021-11-15 20:16:12,371 [ 1] INFO  Unity: 0
2021-11-15 20:16:12,371 [ 1] INFO  Unity: 0
2021-11-15 20:16:12,387 [ 1] INFO  Unity: SetDirection:(98, -22, 0)
2021-11-15 20:16:12,388 [ 1] INFO  Unity: 0
2021-11-15 20:16:12,389 [ 1] INFO  Unity: 0
2021-11-15 20:16:12,390 [ 1] INFO  Unity: SetPosition:(5390, 4454, 799)
2021-11-15 20:16:12,405 [ 1] INFO  Unity: 0
2021-11-15 20:16:12,406 [ 1] INFO  Unity: 0
2021-11-15 20:16:12,426 [ 1] INFO  Unity: 0
2021-11-15 20:16:12,427 [ 1] INFO  Unity: 0
2021-11-15 20:16:12,441 [ 1] INFO  Unity: SetDirection:(91, -41, 0)
2021-11-15 20:16:12,442 [ 1] INFO  Unity: 0
2021-11-15 20:16:12,443 [ 1] INFO  Unity: 0
2021-11-15 20:16:12,459 [ 1] INFO  Unity: SetDirection:(96, -26, 0)
2021-11-15 20:16:12,460 [ 1] INFO  Unity: 0
2021-11-15 20:16:12,460 [ 1] INFO  Unity: 0
2021-11-15 20:16:12,476 [ 1] INFO  Unity: 0
2021-11-15 20:16:12,477 [ 1] INFO  Unity: 0
2021-11-15 20:16:12,478 [ 1] INFO  Unity: SetPosition:(5426, 4415, 799)
2021-11-15 20:16:12,492 [ 1] INFO  Unity: SetDirection:(80, -59, 0)
2021-11-15 20:16:12,494 [ 1] INFO  Unity: 0
2021-11-15 20:16:12,495 [ 1] INFO  Unity: 0
2021-11-15 20:16:12,510 [ 1] INFO  Unity: 0
2021-11-15 20:16:12,510 [ 1] INFO  Unity: 0
2021-11-15 20:16:12,527 [ 1] INFO  Unity: SetDirection:(69, -73, 0)
2021-11-15 20:16:12,529 [ 1] INFO  Unity: SetDirection:(90, -43, 0)
2021-11-15 20:16:12,530 [ 1] INFO  Unity: 0
2021-11-15 20:16:12,531 [ 1] INFO  Unity: 0
2021-11-15 20:16:12,550 [ 1] INFO  Unity: 0
2021-11-15 20:16:12,551 [ 1] INFO  Unity: 0
2021-11-15 20:16:12,552 [ 1] INFO  Unity: SetPosition:(5455, 4370, 799)
2021-11-15 20:16:12,567 [ 1] INFO  Unity: 0
2021-11-15 20:16:12,568 [ 1] INFO  Unity: 0
2021-11-15 20:16:12,583 [ 1] INFO  Unity: SetDirection:(51, -86, 0)
2021-11-15 20:16:12,584 [ 1] INFO  Unity: 0
2021-11-15 20:16:12,585 [ 1] INFO  Unity: 0
2021-11-15 20:16:12,601 [ 1] INFO  Unity: 0
2021-11-15 20:16:12,601 [ 1] INFO  Unity: 0
2021-11-15 20:16:12,616 [ 1] INFO  Unity: 0
2021-11-15 20:16:12,616 [ 1] INFO  Unity: 0
2021-11-15 20:16:12,633 [ 1] INFO  Unity: 0
2021-11-15 20:16:12,633 [ 1] INFO  Unity: 0
2021-11-15 20:16:12,649 [ 1] INFO  Unity: SetDirection:(32, -95, 0)
2021-11-15 20:16:12,650 [ 1] INFO  Unity: SetDirection:(81, -59, 0)
2021-11-15 20:16:12,651 [ 1] INFO  Unity: 0
2021-11-15 20:16:12,652 [ 1] INFO  Unity: 0
2021-11-15 20:16:12,653 [ 1] INFO  Unity: SetPosition:(5475, 4323, 799)
2021-11-15 20:16:12,666 [ 1] INFO  Unity: 0
2021-11-15 20:16:12,666 [ 1] INFO  Unity: 0
2021-11-15 20:16:12,683 [ 1] INFO  Unity: 0
2021-11-15 20:16:12,683 [ 1] INFO  Unity: 0
2021-11-15 20:16:12,707 [ 1] INFO  Unity: 0
2021-11-15 20:16:12,708 [ 1] INFO  Unity: 0
2021-11-15 20:16:12,720 [ 1] INFO  Unity: 0
2021-11-15 20:16:12,721 [ 1] INFO  Unity: 0
2021-11-15 20:16:12,737 [ 1] INFO  Unity: 0
2021-11-15 20:16:12,738 [ 1] INFO  Unity: 0
2021-11-15 20:16:12,752 [ 1] INFO  Unity: SetDirection:(13, -99, 0)
2021-11-15 20:16:12,754 [ 1] INFO  Unity: 0
2021-11-15 20:16:12,754 [ 1] INFO  Unity: 0
2021-11-15 20:16:12,770 [ 1] INFO  Unity: 0
2021-11-15 20:16:12,771 [ 1] INFO  Unity: 0
2021-11-15 20:16:12,787 [ 1] INFO  Unity: 0
2021-11-15 20:16:12,788 [ 1] INFO  Unity: 0
2021-11-15 20:16:12,804 [ 1] INFO  Unity: 0
2021-11-15 20:16:12,804 [ 1] INFO  Unity: 0
2021-11-15 20:16:12,819 [ 1] INFO  Unity: 0
2021-11-15 20:16:12,820 [ 1] INFO  Unity: 0
2021-11-15 20:16:12,837 [ 1] INFO  Unity: 0
2021-11-15 20:16:12,838 [ 1] INFO  Unity: 0
2021-11-15 20:16:12,854 [ 1] INFO  Unity: 0
2021-11-15 20:16:12,855 [ 1] INFO  Unity: 0
2021-11-15 20:16:12,869 [ 1] INFO  Unity: 0
2021-11-15 20:16:12,870 [ 1] INFO  Unity: 0
2021-11-15 20:16:12,887 [ 1] INFO  Unity: 0
2021-11-15 20:16:12,888 [ 1] INFO  Unity: 0
2021-11-15 20:16:12,902 [ 1] INFO  Unity: 0
2021-11-15 20:16:12,902 [ 1] INFO  Unity: 0
2021-11-15 20:16:12,918 [ 1] INFO  Unity: 0
2021-11-15 20:16:12,919 [ 1] INFO  Unity: 0
2021-11-15 20:16:12,935 [ 1] INFO  Unity: 0
2021-11-15 20:16:12,936 [ 1] INFO  Unity: 0
2021-11-15 20:16:12,951 [ 1] INFO  Unity: 0
2021-11-15 20:16:12,952 [ 1] INFO  Unity: 0
2021-11-15 20:16:12,968 [ 1] INFO  Unity: 0
2021-11-15 20:16:12,969 [ 1] INFO  Unity: 0
2021-11-15 20:16:12,985 [ 1] INFO  Unity: 0
2021-11-15 20:16:12,986 [ 1] INFO  Unity: 0
2021-11-15 20:16:13,001 [ 1] INFO  Unity: 0
2021-11-15 20:16:13,002 [ 1] INFO  Unity: 0
2021-11-15 20:16:13,018 [ 1] INFO  Unity: 0
2021-11-15 20:16:13,018 [ 1] INFO  Unity: 0
2021-11-15 20:16:13,035 [ 1] INFO  Unity: 0
2021-11-15 20:16:13,035 [ 1] INFO  Unity: 0
2021-11-15 20:16:13,051 [ 1] INFO  Unity: 0
2021-11-15 20:16:13,052 [ 1] INFO  Unity: 0
2021-11-15 20:16:13,068 [ 1] INFO  Unity: 0
2021-11-15 20:16:13,068 [ 1] INFO  Unity: 0
2021-11-15 20:16:13,084 [ 1] INFO  Unity: 0
2021-11-15 20:16:13,085 [ 1] INFO  Unity: 0
2021-11-15 20:16:13,101 [ 1] INFO  Unity: 0
2021-11-15 20:16:13,102 [ 1] INFO  Unity: 0
2021-11-15 20:16:13,118 [ 1] INFO  Unity: 0
2021-11-15 20:16:13,118 [ 1] INFO  Unity: 0
2021-11-15 20:16:13,135 [ 1] INFO  Unity: 0
2021-11-15 20:16:13,135 [ 1] INFO  Unity: 0
2021-11-15 20:16:13,151 [ 1] INFO  Unity: 0
2021-11-15 20:16:13,152 [ 1] INFO  Unity: 0
2021-11-15 20:16:13,167 [ 1] INFO  Unity: 0
2021-11-15 20:16:13,168 [ 1] INFO  Unity: 0
2021-11-15 20:16:13,185 [ 1] INFO  Unity: 0
2021-11-15 20:16:13,186 [ 1] INFO  Unity: 0
2021-11-15 20:16:13,201 [ 1] INFO  Unity: 0
2021-11-15 20:16:13,201 [ 1] INFO  Unity: 0
2021-11-15 20:16:13,238 [ 1] INFO  Unity: Character_13_xl OnDestroy :ID:0 POS:(5189, 4224, 820) DIR:(81, -59, 0) SPD:0 
2021-11-15 20:16:13,242 [ 1] INFO  Unity: OnDestroy NetworkManager.
2021-11-15 20:16:13,244 [ 1] WARN  Unity: CloseConnection(), errorCode: 1007
UnityEngine.Debug:LogWarning(Object)
Network.NetClient:CloseConnection(Int32) (at Assets/Scripts/Network/NetClient.cs:180)
Network.NetClient:OnDestroy() (at Assets/Scripts/Network/NetClient.cs:175)

2021-11-15 20:16:13,245 [ 1] INFO  Unity: Character_14_lx OnDestroy :ID:0 POS:(5000, 4000, 820) DIR:(100, 0, 0) SPD:0 
